Build started 3/8/2014 8:48:24 PM.
     1>Project "C:\Users\Dung\documents\visual studio 2012\Projects\ConsoleApplication2\ConsoleApplication2\ConsoleApplication2.vcxproj" on node 2 (Build target(s)).
     1>ClCompile:
         E:\Microsoft Visual Studio 11.0\VC\bin\CL.exe /c /ZI /nologo /W3 /WX- /sdl /Od /Oy- /D WIN32 /D _DEBUG /D _CONSOLE /D _UNICODE /D UNICODE /Gm /EHsc /RTC1 /MDd /GS /fp:precise /Zc:wchar_t /Zc:forScope /Yu"stdafx.h" /Fp"Debug\ConsoleApplication2.pch" /Fo"Debug\\" /Fd"Debug\vc110.pdb" /Gd /TP /analyze- /errorReport:prompt Game.cpp
         Game.cpp
       Link:
         E:\Microsoft Visual Studio 11.0\VC\bin\link.exe /ERRORREPORT:PROMPT /OUT:"C:\Users\Dung\documents\visual studio 2012\Projects\ConsoleApplication2\Debug\ConsoleApplication2.exe" /INCREMENTAL /NOLOGO kernel32.lib user32.lib gdi32.lib winspool.lib comdlg32.lib advapi32.lib shell32.lib ole32.lib oleaut32.lib uuid.lib odbc32.lib odbccp32.lib /MANIFEST /MANIFESTUAC:"level='asInvoker' uiAccess='false'" /manifest:embed /DEBUG /PDB:"C:\Users\Dung\documents\visual studio 2012\Projects\ConsoleApplication2\Debug\ConsoleApplication2.pdb" /SUBSYSTEM:CONSOLE /TLBID:1 /DYNAMICBASE /NXCOMPAT /IMPLIB:"C:\Users\Dung\documents\visual studio 2012\Projects\ConsoleApplication2\Debug\ConsoleApplication2.lib" /MACHINE:X86 Debug\Bishop.obj
         Debug\Cell.obj
         Debug\ConsoleApplication2.obj
         Debug\ConsoleHelper.obj
         Debug\Game.obj
         Debug\King.obj
         Debug\Knight.obj
         Debug\Pawn.obj
         Debug\Queen.obj
         Debug\Rook.obj
         Debug\stdafx.obj
         ConsoleApplication2.vcxproj -> C:\Users\Dung\documents\visual studio 2012\Projects\ConsoleApplication2\Debug\ConsoleApplication2.exe
     1>Done Building Project "C:\Users\Dung\documents\visual studio 2012\Projects\ConsoleApplication2\ConsoleApplication2\ConsoleApplication2.vcxproj" (Build target(s)).

Build succeeded.

Time Elapsed 00:00:02.85
